This file contains any messages produced by compilers while
running configure, to aid debugging if configure makes a mistake.

It was created by configure, which was
generated by GNU Autoconf 2.54.  Invocation command line was

  $ ./configure 

## --------- ##
## Platform. ##
## --------- ##

hostname = np
uname -m = i686
uname -r = 2.6.32-24-generic
uname -s = Linux
uname -v = #43-Ubuntu SMP Thu Sep 16 14:17:33 UTC 2010

/usr/bin/uname -p = unknown
/bin/uname -X     = unknown

/bin/arch              = unknown
/usr/bin/arch -k       = unknown
/usr/convex/getsysinfo = unknown
hostinfo               = unknown
/bin/machine           = unknown
/usr/bin/oslevel       = unknown
/bin/universe          = unknown

PATH: /usr/local/sbin
PATH: /usr/local/bin
PATH: /usr/sbin
PATH: /usr/bin
PATH: /sbin
PATH: /bin
PATH: /usr/games


## ----------- ##
## Core tests. ##
## ----------- ##

configure:1296: checking build system type
configure:1314: result: i686-pc-linux-gnu
configure:1322: checking host system type
configure:1336: result: i686-pc-linux-gnu
configure:1344: checking target system type
configure:1358: result: i686-pc-linux-gnu
configure:1392: checking for a BSD-compatible install
configure:1446: result: /usr/bin/install -c
configure:1457: checking whether build environment is sane
configure:1500: result: yes
configure:1533: checking for gawk
configure:1549: found /usr/bin/gawk
configure:1559: result: gawk
configure:1569: checking whether make sets ${MAKE}
configure:1589: result: yes
configure:1787: checking for gcc
configure:1803: found /usr/bin/gcc
configure:1813: result: gcc
configure:2055: checking for C compiler version
configure:2058: gcc --version </dev/null >&5
gcc (Ubuntu 4.4.3-4ubuntu5) 4.4.3
Copyright (C) 2009 Free Software Foundation, Inc.
This is free software; see the source for copying conditions.  There is NO
warranty; not even for MERCHANTABILITY or FITNESS FOR A PARTICULAR PURPOSE.

configure:2061: $? = 0
configure:2063: gcc -v </dev/null >&5
Using built-in specs.
Target: i486-linux-gnu
Configured with: ../src/configure -v --with-pkgversion='Ubuntu 4.4.3-4ubuntu5' --with-bugurl=file:///usr/share/doc/gcc-4.4/README.Bugs --enable-languages=c,c++,fortran,objc,obj-c++ --prefix=/usr --enable-shared --enable-multiarch --enable-linker-build-id --with-system-zlib --libexecdir=/usr/lib --without-included-gettext --enable-threads=posix --with-gxx-include-dir=/usr/include/c++/4.4 --program-suffix=-4.4 --enable-nls --enable-clocale=gnu --enable-libstdcxx-debug --enable-plugin --enable-objc-gc --enable-targets=all --disable-werror --with-arch-32=i486 --with-tune=generic --enable-checking=release --build=i486-linux-gnu --host=i486-linux-gnu --target=i486-linux-gnu
Thread model: posix
gcc version 4.4.3 (Ubuntu 4.4.3-4ubuntu5) 
configure:2066: $? = 0
configure:2068: gcc -V </dev/null >&5
gcc: '-V' option must have argument
configure:2071: $? = 1
configure:2091: checking for C compiler default output
configure:2094: gcc    conftest.c  >&5
configure:2097: $? = 0
configure:2131: result: a.out
configure:2136: checking whether the C compiler works
configure:2142: ./a.out
configure:2145: $? = 0
configure:2160: result: yes
configure:2167: checking whether we are cross compiling
configure:2169: result: no
configure:2172: checking for suffix of executables
configure:2174: gcc -o conftest    conftest.c  >&5
configure:2177: $? = 0
configure:2200: result: 
configure:2206: checking for suffix of object files
configure:2224: gcc -c   conftest.c >&5
configure:2227: $? = 0
configure:2246: result: o
configure:2250: checking whether we are using the GNU C compiler
configure:2271: gcc -c   conftest.c >&5
configure:2274: $? = 0
configure:2277: test -s conftest.o
configure:2280: $? = 0
configure:2292: result: yes
configure:2298: checking whether gcc accepts -g
configure:2316: gcc -c -g  conftest.c >&5
configure:2319: $? = 0
configure:2322: test -s conftest.o
configure:2325: $? = 0
configure:2335: result: yes
configure:2352: checking for gcc option to accept ANSI C
configure:2409: gcc  -c -g -O2  conftest.c >&5
configure:2412: $? = 0
configure:2415: test -s conftest.o
configure:2418: $? = 0
configure:2435: result: none needed
configure:2453: gcc -c -g -O2  conftest.c >&5
conftest.c:2: error: expected '=', ',', ';', 'asm' or '__attribute__' before 'me'
configure:2456: $? = 1
configure: failed program was:
#ifndef __cplusplus
  choke me
#endif
configure:2573: checking for style of include used by make
configure:2601: result: GNU
configure:2629: checking dependency style of gcc
configure:2691: result: gcc3
configure:2702: checking how to run the C preprocessor
configure:2728: gcc -E  conftest.c
configure:2734: $? = 0
configure:2761: gcc -E  conftest.c
configure:2757:28: error: ac_nonexistent.h: No such file or directory
configure:2767: $? = 1
configure: failed program was:
#line 2756 "configure"
#include "confdefs.h"
#include <ac_nonexistent.h>
configure:2804: result: gcc -E
configure:2819: gcc -E  conftest.c
configure:2825: $? = 0
configure:2852: gcc -E  conftest.c
configure:2848:28: error: ac_nonexistent.h: No such file or directory
configure:2858: $? = 1
configure: failed program was:
#line 2847 "configure"
#include "confdefs.h"
#include <ac_nonexistent.h>
configure:2898: checking for egrep
configure:2908: result: grep -E
configure:2913: checking for ANSI C header files
configure:2927: gcc -E  conftest.c
configure:2933: $? = 0
configure:3020: gcc -o conftest -g -O2   conftest.c  >&5
configure: In function 'main':
configure:3011: warning: incompatible implicit declaration of built-in function 'exit'
configure:3023: $? = 0
configure:3025: ./conftest
configure:3028: $? = 0
configure:3042: result: yes
configure:3087: checking for sys/types.h
configure:3100: gcc -c -g -O2  conftest.c >&5
configure:3103: $? = 0
configure:3106: test -s conftest.o
configure:3109: $? = 0
configure:3119: result: yes
configure:3087: checking for sys/stat.h
configure:3100: gcc -c -g -O2  conftest.c >&5
configure:3103: $? = 0
configure:3106: test -s conftest.o
configure:3109: $? = 0
configure:3119: result: yes
configure:3087: checking for stdlib.h
configure:3100: gcc -c -g -O2  conftest.c >&5
configure:3103: $? = 0
configure:3106: test -s conftest.o
configure:3109: $? = 0
configure:3119: result: yes
configure:3087: checking for string.h
configure:3100: gcc -c -g -O2  conftest.c >&5
configure:3103: $? = 0
configure:3106: test -s conftest.o
configure:3109: $? = 0
configure:3119: result: yes
configure:3087: checking for memory.h
configure:3100: gcc -c -g -O2  conftest.c >&5
configure:3103: $? = 0
configure:3106: test -s conftest.o
configure:3109: $? = 0
configure:3119: result: yes
configure:3087: checking for strings.h
configure:3100: gcc -c -g -O2  conftest.c >&5
configure:3103: $? = 0
configure:3106: test -s conftest.o
configure:3109: $? = 0
configure:3119: result: yes
configure:3087: checking for inttypes.h
configure:3100: gcc -c -g -O2  conftest.c >&5
configure:3103: $? = 0
configure:3106: test -s conftest.o
configure:3109: $? = 0
configure:3119: result: yes
configure:3087: checking for stdint.h
configure:3100: gcc -c -g -O2  conftest.c >&5
configure:3103: $? = 0
configure:3106: test -s conftest.o
configure:3109: $? = 0
configure:3119: result: yes
configure:3087: checking for unistd.h
configure:3100: gcc -c -g -O2  conftest.c >&5
configure:3103: $? = 0
configure:3106: test -s conftest.o
configure:3109: $? = 0
configure:3119: result: yes
configure:3148: checking sys/ioctl.h usability
configure:3157: gcc -c -g -O2  conftest.c >&5
configure:3160: $? = 0
configure:3163: test -s conftest.o
configure:3166: $? = 0
configure:3175: result: yes
configure:3179: checking sys/ioctl.h presence
configure:3186: gcc -E  conftest.c
configure:3192: $? = 0
configure:3210: result: yes
configure:3228: checking for sys/ioctl.h
configure:3235: result: yes
configure:3148: checking sys/time.h usability
configure:3157: gcc -c -g -O2  conftest.c >&5
configure:3160: $? = 0
configure:3163: test -s conftest.o
configure:3166: $? = 0
configure:3175: result: yes
configure:3179: checking sys/time.h presence
configure:3186: gcc -E  conftest.c
configure:3192: $? = 0
configure:3210: result: yes
configure:3228: checking for sys/time.h
configure:3235: result: yes
configure:3148: checking sys/sockio.h usability
configure:3157: gcc -c -g -O2  conftest.c >&5
configure:3185:24: error: sys/sockio.h: No such file or directory
configure:3160: $? = 1
configure: failed program was:
#line 3150 "configure"
#include "confdefs.h"
#include <stdio.h>
#if HAVE_SYS_TYPES_H
# include <sys/types.h>
#endif
#if HAVE_SYS_STAT_H
# include <sys/stat.h>
#endif
#if STDC_HEADERS
# include <stdlib.h>
# include <stddef.h>
#else
# if HAVE_STDLIB_H
#  include <stdlib.h>
# endif
#endif
#if HAVE_STRING_H
# if !STDC_HEADERS && HAVE_MEMORY_H
#  include <memory.h>
# endif
# include <string.h>
#endif
#if HAVE_STRINGS_H
# include <strings.h>
#endif
#if HAVE_INTTYPES_H
# include <inttypes.h>
#else
# if HAVE_STDINT_H
#  include <stdint.h>
# endif
#endif
#if HAVE_UNISTD_H
# include <unistd.h>
#endif
#include <sys/sockio.h>
configure:3175: result: no
configure:3179: checking sys/sockio.h presence
configure:3186: gcc -E  conftest.c
configure:3182:24: error: sys/sockio.h: No such file or directory
configure:3192: $? = 1
configure: failed program was:
#line 3181 "configure"
#include "confdefs.h"
#include <sys/sockio.h>
configure:3210: result: no
configure:3228: checking for sys/sockio.h
configure:3235: result: no
configure:3139: checking for unistd.h
configure:3144: result: yes
configure:3249: checking for an ANSI C-conforming const
configure:3313: gcc -c -g -O2  conftest.c >&5
configure:3316: $? = 0
configure:3319: test -s conftest.o
configure:3322: $? = 0
configure:3332: result: yes
configure:3342: checking for size_t
configure:3363: gcc -c -g -O2  conftest.c >&5
configure:3366: $? = 0
configure:3369: test -s conftest.o
configure:3372: $? = 0
configure:3382: result: yes
configure:3394: checking whether time.h and sys/time.h may both be included
configure:3416: gcc -c -g -O2  conftest.c >&5
configure:3419: $? = 0
configure:3422: test -s conftest.o
configure:3425: $? = 0
configure:3435: result: yes
configure:3457: checking sys/dlpi.h usability
configure:3466: gcc -c -g -O2  conftest.c >&5
configure:3494:22: error: sys/dlpi.h: No such file or directory
configure:3469: $? = 1
configure: failed program was:
#line 3459 "configure"
#include "confdefs.h"
#include <stdio.h>
#if HAVE_SYS_TYPES_H
# include <sys/types.h>
#endif
#if HAVE_SYS_STAT_H
# include <sys/stat.h>
#endif
#if STDC_HEADERS
# include <stdlib.h>
# include <stddef.h>
#else
# if HAVE_STDLIB_H
#  include <stdlib.h>
# endif
#endif
#if HAVE_STRING_H
# if !STDC_HEADERS && HAVE_MEMORY_H
#  include <memory.h>
# endif
# include <string.h>
#endif
#if HAVE_STRINGS_H
# include <strings.h>
#endif
#if HAVE_INTTYPES_H
# include <inttypes.h>
#else
# if HAVE_STDINT_H
#  include <stdint.h>
# endif
#endif
#if HAVE_UNISTD_H
# include <unistd.h>
#endif
#include <sys/dlpi.h>
configure:3484: result: no
configure:3488: checking sys/dlpi.h presence
configure:3495: gcc -E  conftest.c
configure:3491:22: error: sys/dlpi.h: No such file or directory
configure:3501: $? = 1
configure: failed program was:
#line 3490 "configure"
#include "confdefs.h"
#include <sys/dlpi.h>
configure:3519: result: no
configure:3537: checking for sys/dlpi.h
configure:3544: result: no
configure:3566: checking for regcomp
configure:3603: gcc -o conftest -g -O2   conftest.c  >&5
configure:3606: $? = 0
configure:3609: test -s conftest
configure:3612: $? = 0
configure:3622: result: yes
configure:3566: checking for select
configure:3603: gcc -o conftest -g -O2   conftest.c  >&5
configure:3606: $? = 0
configure:3609: test -s conftest
configure:3612: $? = 0
configure:3622: result: yes
configure:3566: checking for strdup
configure:3603: gcc -o conftest -g -O2   conftest.c  >&5
configure:3581: warning: conflicting types for built-in function 'strdup'
configure:3606: $? = 0
configure:3609: test -s conftest
configure:3612: $? = 0
configure:3622: result: yes
configure:3566: checking for strerror
configure:3603: gcc -o conftest -g -O2   conftest.c  >&5
configure:3606: $? = 0
configure:3609: test -s conftest
configure:3612: $? = 0
configure:3622: result: yes
configure:3566: checking for strspn
configure:3603: gcc -o conftest -g -O2   conftest.c  >&5
configure:3581: warning: conflicting types for built-in function 'strspn'
configure:3606: $? = 0
configure:3609: test -s conftest
configure:3612: $? = 0
configure:3622: result: yes
configure:3633: checking for library containing socket
configure:3660: gcc -o conftest -g -O2   conftest.c  >&5
configure:3663: $? = 0
configure:3666: test -s conftest
configure:3669: $? = 0
configure:3722: result: none required
configure:3729: checking for library containing log
configure:3756: gcc -o conftest -g -O2   conftest.c  >&5
configure:3744: warning: conflicting types for built-in function 'log'
/tmp/ccavXiM3.o: In function `main':
/opt/Wive/APP/iftop/configure:3748: undefined reference to `log'
collect2: ld returned 1 exit status
configure:3759: $? = 1
configure: failed program was:
#line 3736 "configure"
#include "confdefs.h"

/* Override any gcc2 internal prototype to avoid an error.  */
#ifdef __cplusplus
extern "C"
#endif
/* We use char because int might match the return type of a gcc2
   builtin and then its argument prototype would still apply.  */
char log ();
int
main ()
{
log ();
  ;
  return 0;
}
configure:3796: gcc -o conftest -g -O2   conftest.c -lm   >&5
configure:3784: warning: conflicting types for built-in function 'log'
configure:3799: $? = 0
configure:3802: test -s conftest
configure:3805: $? = 0
configure:3818: result: -lm
configure:3825: checking for gethostbyname
configure:3862: gcc -o conftest -g -O2   conftest.c -lm  >&5
configure:3865: $? = 0
configure:3868: test -s conftest
configure:3871: $? = 0
configure:3881: result: yes
configure:3948: checking for library containing inet_aton
configure:3975: gcc -o conftest -g -O2   conftest.c -lm  >&5
configure:3978: $? = 0
configure:3981: test -s conftest
configure:3984: $? = 0
configure:4037: result: none required
configure:4044: checking for library containing inet_pton
configure:4071: gcc -o conftest -g -O2   conftest.c -lm  >&5
configure:4074: $? = 0
configure:4077: test -s conftest
configure:4080: $? = 0
configure:4133: result: none required
configure:4145: checking for inet_aton
configure:4182: gcc -o conftest -g -O2   conftest.c -lm  >&5
configure:4185: $? = 0
configure:4188: test -s conftest
configure:4191: $? = 0
configure:4201: result: yes
configure:4145: checking for inet_pton
configure:4182: gcc -o conftest -g -O2   conftest.c -lm  >&5
configure:4185: $? = 0
configure:4188: test -s conftest
configure:4191: $? = 0
configure:4201: result: yes
configure:4214: checking size of u_int8_t
configure:4237: gcc -o conftest -g -O2   conftest.c -lm  >&5
conftest.c: In function 'main':
conftest.c:7: warning: incompatible implicit declaration of built-in function 'exit'
configure:4240: $? = 0
configure:4242: ./conftest
configure:4245: $? = 0
configure:4250: result: 1
configure:4214: checking size of u_int16_t
configure:4237: gcc -o conftest -g -O2   conftest.c -lm  >&5
conftest.c: In function 'main':
conftest.c:7: warning: incompatible implicit declaration of built-in function 'exit'
configure:4240: $? = 0
configure:4242: ./conftest
configure:4245: $? = 0
configure:4250: result: 2
configure:4214: checking size of u_int32_t
configure:4237: gcc -o conftest -g -O2   conftest.c -lm  >&5
conftest.c: In function 'main':
conftest.c:7: warning: incompatible implicit declaration of built-in function 'exit'
configure:4240: $? = 0
configure:4242: ./conftest
configure:4245: $? = 0
configure:4250: result: 4
configure:5378: checking for library containing getnameinfo
configure:5405: gcc -o conftest -g -O2   conftest.c -lm  >&5
configure:5408: $? = 0
configure:5411: test -s conftest
configure:5414: $? = 0
configure:5467: result: none required
configure:5489: checking for library containing gethostbyaddr_r
configure:5516: gcc -o conftest -g -O2   conftest.c -lm  >&5
configure:5519: $? = 0
configure:5522: test -s conftest
configure:5525: $? = 0
configure:5578: result: none required
configure:5595: checking how to call gethostbyaddr_r
configure:5603: gcc -o conftest -g -O2   conftest.c -lm  >&5
configure: In function 'main':
configure:5624: warning: passing argument 7 of 'gethostbyaddr_r' from incompatible pointer type
/usr/include/netdb.h:171: note: expected 'struct hostent ** __restrict__' but argument is of type 'int *'
configure:5624: error: too few arguments to function 'gethostbyaddr_r'
configure:5606: $? = 1
configure: failed program was:
#line 5597 "configure"
#include "confdefs.h"
/*
 * hostentp_ghba_r.c:
 * Test program to see whether gethostbyaddr_r takes 7 arguments and returns
 * struct hostent*. 
 */

static const char rcsid[] = "$Id: hostentp_ghba_r.c,v 1.1 2002/11/04 12:27:35 chris Exp $";

#include <sys/types.h>

#include <errno.h>
#include <netdb.h>
#include <stdio.h>
#include <stdlib.h>
#include <netinet/in.h>

int main(void) {
    struct in_addr localhost;
    struct hostent hostbuf, *hp;
    char *buf;
    int herr;
    size_t buflen = 1024;
    
    localhost.s_addr = htonl(INADDR_LOOPBACK);
    buf = malloc(buflen);
    while ((hp = gethostbyaddr_r((char*)&localhost, sizeof(struct in_addr),
                                 AF_INET, &hostbuf, buf, buflen, &herr))
                    == NULL
           && errno == ERANGE)
        buf = (char*)realloc(buf, buflen *= 2);
        
    /* We assume that the loopback address can always be resolved if
     * gethostbyaddr_r is actually working. */
    if (hp == NULL) {
        fprintf(stderr, "errno = %d, herr = %d\n", errno, herr);
        return -1;
    } else
        return 0;
}
configure:5632: gcc -o conftest -g -O2   conftest.c -lm  >&5
configure:5635: $? = 0
configure:5638: test -s conftest
configure:5641: $? = 0
configure:5643: result: 8 args, int return
configure:5675: checking gethostbyaddr_r usability
configure:5685: gcc -o conftest -g -O2   conftest.c -lm  >&5
configure:5688: $? = 0
configure:5690: ./conftest
configure:5693: $? = 0
configure:5695: result: yes
configure:5972: checking where to find pcap.h
configure:5988: gcc -E  conftest.c
configure:5994: $? = 0
configure:6006: result: /include
configure:6036: checking for pcap_open_live in -lpcap
configure:6063: gcc -o conftest -g -O2   conftest.c -lpcap  -lm  >&5
configure:6066: $? = 0
configure:6069: test -s conftest
configure:6072: $? = 0
configure:6083: result: yes
configure:6120: checking pcap.h usability
configure:6129: gcc -c -g -O2  conftest.c >&5
configure:6132: $? = 0
configure:6135: test -s conftest.o
configure:6138: $? = 0
configure:6147: result: yes
configure:6151: checking pcap.h presence
configure:6158: gcc -E  conftest.c
configure:6164: $? = 0
configure:6182: result: yes
configure:6200: checking for pcap.h
configure:6207: result: yes
configure:6233: checking for a curses library containing mvchgat
configure:6255: gcc -o conftest -g -O2   conftest.c -lpcap -lm  -lcurses >&5
configure:6258: $? = 0
configure:6261: test -s conftest
configure:6264: $? = 0
configure:6288: result: -lcurses
configure:6294: checking POSIX threads compilation
configure:6309: gcc -o conftest -g -O2    conftest.c -lpcap -lm  -lcurses  >&5
/tmp/ccwSR5ma.o: In function `main':
/opt/Wive/APP/iftop/configure:6345: undefined reference to `pthread_create'
/opt/Wive/APP/iftop/configure:6361: undefined reference to `pthread_cancel'
/opt/Wive/APP/iftop/configure:6362: undefined reference to `pthread_join'
/tmp/ccwSR5ma.o: In function `worker_thread':
/opt/Wive/APP/iftop/configure:6332: undefined reference to `pthread_testcancel'
collect2: ld returned 1 exit status
configure:6312: $? = 1
configure: failed program was:
#line 6303 "configure"
#include "confdefs.h"
/*
 * pthread.c:
 * Tiny test program to see whether POSIX threads work.
 */

static const char rcsid[] = "$Id: pthread.c,v 1.4 2005/10/26 22:56:05 chris Exp $";

#include <sys/types.h>

#include <errno.h>
#include <pthread.h>
#include <stdio.h>
#include <string.h>
#include <time.h>
#include <unistd.h>

static pthread_mutex_t mtx = PTHREAD_MUTEX_INITIALIZER;
static pthread_cond_t cond = PTHREAD_COND_INITIALIZER;
static int return_value = -1;

void *worker_thread(void *v) {
    /* Record successful return and signal parent to wake up. */
    return_value = 0;
    pthread_mutex_lock(&mtx);
    pthread_cond_signal(&cond);
    pthread_mutex_unlock(&mtx);
    while (1) {
        sleep(1);
        pthread_testcancel();
    }
}

/* Start a thread, and have it set a variable to some other value, then signal
 * a condition variable. If this doesn't happen within some set time, we assume
 * that something's gone badly wrong and abort (for instance, the thread never
 * got started). */
int main(void) {
    pthread_t thr;
    int res;
    struct timespec deadline = {0};
    if ((res = pthread_mutex_lock(&mtx)) != 0
        || (res = pthread_create(&thr, NULL, worker_thread, NULL)) != 0) {
        fprintf(stderr, "%s\n", strerror(res));
        return -1;
    }

    /* Thread should now be running; we should wait on the condition
     * variable. */
    do
        deadline.tv_sec = 2 + time(NULL);
    while ((res = pthread_cond_timedwait(&cond, &mtx, &deadline)) == EINTR);
    
    if (res != 0) {
        fprintf(stderr, "%s\n", strerror(res));
        return -1;
    }

    if ((res = pthread_cancel(thr)) != 0
        || (res = pthread_join(thr, NULL)) != 0) {
        fprintf(stderr, "%s\n", strerror(res));
        return -1;
    }
    
    return return_value;
}
configure:6309: gcc -o conftest -g -O2    conftest.c -lpcap -lm  -lcurses -lpthread >&5
configure:6312: $? = 0
configure:6315: test -s conftest
configure:6318: $? = 0
configure:6347: result: CFLAGS= and LIBS=-lpthread
configure:6349: checking POSIX threads usability
configure:6359: gcc -o conftest -g -O2    conftest.c -lpcap -lm  -lcurses -lpthread >&5
configure:6362: $? = 0
configure:6364: ./conftest
configure:6367: $? = 0
configure:6369: result: yes
configure:6384: checking if we need to enable promiscuous mode by default
configure:6399: result: no
configure:6516: creating ./config.status

## ---------------------- ##
## Running config.status. ##
## ---------------------- ##

This file was extended by config.status, which was
generated by GNU Autoconf 2.54.  Invocation command line was

  CONFIG_FILES    = 
  CONFIG_HEADERS  = 
  CONFIG_LINKS    = 
  CONFIG_COMMANDS = 
  $ ./config.status 

on np

config.status:639: creating Makefile
config.status:639: creating config/Makefile
config.status:743: creating config.h
config.status:886: config.h is unchanged
config.status:992: executing depfiles commands

## ---------------- ##
## Cache variables. ##
## ---------------- ##

ac_cv_build=i686-pc-linux-gnu
ac_cv_build_alias=i686-pc-linux-gnu
ac_cv_c_compiler_gnu=yes
ac_cv_c_const=yes
ac_cv_env_CC_set=
ac_cv_env_CC_value=
ac_cv_env_CFLAGS_set=
ac_cv_env_CFLAGS_value=
ac_cv_env_CPPFLAGS_set=
ac_cv_env_CPPFLAGS_value=
ac_cv_env_CPP_set=
ac_cv_env_CPP_value=
ac_cv_env_LDFLAGS_set=
ac_cv_env_LDFLAGS_value=
ac_cv_env_build_alias_set=
ac_cv_env_build_alias_value=
ac_cv_env_host_alias_set=
ac_cv_env_host_alias_value=
ac_cv_env_target_alias_set=
ac_cv_env_target_alias_value=
ac_cv_exeext=
ac_cv_func_gethostbyname=yes
ac_cv_func_inet_aton=yes
ac_cv_func_inet_pton=yes
ac_cv_func_regcomp=yes
ac_cv_func_select=yes
ac_cv_func_strdup=yes
ac_cv_func_strerror=yes
ac_cv_func_strspn=yes
ac_cv_header_inttypes_h=yes
ac_cv_header_memory_h=yes
ac_cv_header_pcap_h=yes
ac_cv_header_stdc=yes
ac_cv_header_stdint_h=yes
ac_cv_header_stdlib_h=yes
ac_cv_header_string_h=yes
ac_cv_header_strings_h=yes
ac_cv_header_sys_dlpi_h=no
ac_cv_header_sys_ioctl_h=yes
ac_cv_header_sys_sockio_h=no
ac_cv_header_sys_stat_h=yes
ac_cv_header_sys_time_h=yes
ac_cv_header_sys_types_h=yes
ac_cv_header_time=yes
ac_cv_header_unistd_h=yes
ac_cv_host=i686-pc-linux-gnu
ac_cv_host_alias=i686-pc-linux-gnu
ac_cv_lib_pcap_pcap_open_live=yes
ac_cv_objext=o
ac_cv_path_install='/usr/bin/install -c'
ac_cv_prog_AWK=gawk
ac_cv_prog_CPP='gcc -E'
ac_cv_prog_ac_ct_CC=gcc
ac_cv_prog_cc_g=yes
ac_cv_prog_cc_stdc=
ac_cv_prog_egrep='grep -E'
ac_cv_prog_make_make_set=yes
ac_cv_search_gethostbyaddr_r='none required'
ac_cv_search_getnameinfo='none required'
ac_cv_search_inet_aton='none required'
ac_cv_search_inet_pton='none required'
ac_cv_search_log=-lm
ac_cv_search_socket='none required'
ac_cv_target=i686-pc-linux-gnu
ac_cv_target_alias=i686-pc-linux-gnu
ac_cv_type_size_t=yes
am_cv_CC_dependencies_compiler_type=gcc3

## ----------------- ##
## Output variables. ##
## ----------------- ##

ACLOCAL='${SHELL} /opt/Wive/APP/iftop/config/missing --run aclocal-1.6'
AMDEPBACKSLASH='\'
AMDEP_FALSE='#'
AMDEP_TRUE=''
AMTAR='${SHELL} /opt/Wive/APP/iftop/config/missing --run tar'
AUTOCONF='${SHELL} /opt/Wive/APP/iftop/config/missing --run autoconf'
AUTOHEADER='${SHELL} /opt/Wive/APP/iftop/config/missing --run autoheader'
AUTOMAKE='${SHELL} /opt/Wive/APP/iftop/config/missing --run automake-1.6'
AWK='gawk'
CC='gcc'
CCDEPMODE='depmode=gcc3'
CFLAGS='-g -O2 '
CPP='gcc -E'
CPPFLAGS=''
DEFS='-DHAVE_CONFIG_H'
DEPDIR='.deps'
ECHO_C=''
ECHO_N='-n'
ECHO_T=''
EGREP='grep -E'
EXEEXT=''
INSTALL_DATA='${INSTALL} -m 644'
INSTALL_PROGRAM='${INSTALL}'
INSTALL_SCRIPT='${INSTALL}'
INSTALL_STRIP_PROGRAM='${SHELL} $(install_sh) -c -s'
LDFLAGS=''
LIBOBJS=''
LIBS='-lpcap -lm  -lcurses -lpthread'
LTLIBOBJS=''
MAKEINFO='${SHELL} /opt/Wive/APP/iftop/config/missing --run makeinfo'
OBJEXT='o'
PACKAGE='iftop'
PACKAGE_BUGREPORT=''
PACKAGE_NAME=''
PACKAGE_STRING=''
PACKAGE_TARNAME=''
PACKAGE_VERSION=''
PATH_SEPARATOR=':'
SET_MAKE=''
SHELL='/bin/bash'
STRIP=''
VERSION='0.17'
ac_aux_dir='config'
ac_ct_CC='gcc'
ac_ct_STRIP=''
am__include='include'
am__quote=''
bindir='${exec_prefix}/bin'
build='i686-pc-linux-gnu'
build_alias=''
build_cpu='i686'
build_os='linux-gnu'
build_vendor='pc'
datadir='${prefix}/share'
exec_prefix='${prefix}'
host='i686-pc-linux-gnu'
host_alias=''
host_cpu='i686'
host_os='linux-gnu'
host_vendor='pc'
includedir='${prefix}/include'
infodir='${prefix}/info'
install_sh='/opt/Wive/APP/iftop/config/install-sh'
libdir='${exec_prefix}/lib'
libexecdir='${exec_prefix}/libexec'
localstatedir='${prefix}/var'
mandir='${prefix}/man'
oldincludedir='/usr/include'
prefix='/usr/local'
program_transform_name='s,x,x,'
sbindir='${exec_prefix}/sbin'
sharedstatedir='${prefix}/com'
sysconfdir='${prefix}/etc'
target='i686-pc-linux-gnu'
target_alias=''
target_cpu='i686'
target_os='linux-gnu'
target_vendor='pc'

## ----------- ##
## confdefs.h. ##
## ----------- ##

#define GETHOSTBYADDR_R_RETURNS_INT 1
#define HAVE_INET_ATON 1
#define HAVE_INET_PTON 1
#define HAVE_INTTYPES_H 1
#define HAVE_LIBPCAP 1
#define HAVE_MEMORY_H 1
#define HAVE_PCAP_H 1
#define HAVE_REGCOMP 1
#define HAVE_SELECT 1
#define HAVE_STDINT_H 1
#define HAVE_STDLIB_H 1
#define HAVE_STRDUP 1
#define HAVE_STRERROR 1
#define HAVE_STRINGS_H 1
#define HAVE_STRING_H 1
#define HAVE_STRSPN 1
#define HAVE_SYS_IOCTL_H 1
#define HAVE_SYS_STAT_H 1
#define HAVE_SYS_TIME_H 1
#define HAVE_SYS_TYPES_H 1
#define HAVE_UNISTD_H 1
#define HAVE_UNISTD_H 1
#define IFTOP_VERSION "0.17"
#define PACKAGE "iftop"
#define PACKAGE_BUGREPORT ""
#define PACKAGE_NAME ""
#define PACKAGE_STRING ""
#define PACKAGE_TARNAME ""
#define PACKAGE_VERSION ""
#define SIZEOF_U_INT16_T 2
#define SIZEOF_U_INT32_T 4
#define SIZEOF_U_INT8_T 1
#define STDC_HEADERS 1
#define TIME_WITH_SYS_TIME 1
#define USE_GETHOSTBYADDR_R 1
#define VERSION "0.17"

configure: exit 0

## ---------------------- ##
## Running config.status. ##
## ---------------------- ##

This file was extended by config.status, which was
generated by GNU Autoconf 2.54.  Invocation command line was

  CONFIG_FILES    = 
  CONFIG_HEADERS  = 
  CONFIG_LINKS    = 
  CONFIG_COMMANDS = 
  $ ./config.status Makefile depfiles

on np

config.status:639: creating Makefile
config.status:992: executing depfiles commands
